<?xml version="1.0" encoding="UTF-8"?>
<!-- Generated by org.testng.reporters.JUnitReportReporter -->
<testsuite hostname="Swarna" failures="0" tests="4" name="api.petstore.tests.UserTests" time="10.620" errors="0" timestamp="2023-12-30T09:13:32 IST" skipped="0">
  <testcase classname="api.petstore.tests.UserTests" name="postUserDetails" time="4.976"/>
  <system-out/>
  <testcase classname="api.petstore.tests.UserTests" name="getUserByName" time="1.359"/>
  <system-out/>
  <testcase classname="api.petstore.tests.UserTests" name="updateUserByName" time="2.916"/>
  <system-out/>
  <testcase classname="api.petstore.tests.UserTests" name="deleteUserByName" time="1.369"/>
  <system-out/>
</testsuite> <!-- api.petstore.tests.UserTests -->
